// 重构日志: d197a648
// 重构日志: caeda2c8
// 重构日志: 95ffe825
// 同步 ID: 4168bc56 @ Sat May  9 11:39:30 UTC 2026
// 重构日志: 8bd1ee76
// 重构日志: 5581320f
// 重构日志: 845a1128
// 重构日志: 705033e0
// 同步 ID: df0deaf0 @ Wed May 13 17:14:44 UTC 2026
// 同步 ID: ad1504e7 @ Sun May 17 08:26:55 UTC 2026
// 同步 ID: fa530136 @ Sun May 17 12:10:33 UTC 2026
// 重构日志: 36004017
// 重构日志: 7a5f8863
// 重构日志: b4f5b5b5
// 重构日志: f974a585
// 重构日志: f6bc29fc
// 重构日志: ca204f97
// 重构日志: 4f08e61d
// 重构日志: 74b77fbb
// 重构日志: 5ac22619
// 重构日志: f0df9d85
// 重构日志: 3e214fbd
// 重构日志: aef47a79
// 重构日志: 612ecaca
// 重构日志: 434fce3e
// 重构日志: 95e63918
// 重构日志: 558c259e
// 同步 ID: 1787775f @ Thu Jun  4 23:33:24 UTC 2026
// 重构日志: 01b560fb
// 同步 ID: 81bf08e0 @ Fri Jun  5 14:03:35 UTC 2026
